0 info it worked if it ends with ok
1 verbose cli [ 'D:\\development\\nodejs\\node.exe',
1 verbose cli   'D:\\development\\nodejs\\node_modules\\npm\\bin\\npm-cli.js',
1 verbose cli   'install',
1 verbose cli   '-g',
1 verbose cli   '@angular-cli@1.0.0-beta.26' ]
2 info using npm@3.10.10
3 info using node@v6.9.4
4 silly loadCurrentTree Starting
5 silly install loadCurrentTree
6 silly install readGlobalPackageData
7 silly fetchPackageMetaData @angular-cli@1.0.0-beta.26
8 silly fetchOtherPackageData @angular-cli@1.0.0-beta.26
9 silly cache add args [ '@angular-cli@1.0.0-beta.26', null ]
10 verbose cache add spec @angular-cli@1.0.0-beta.26
11 silly cache add parsed spec Result {
11 silly cache add   raw: '@angular-cli@1.0.0-beta.26',
11 silly cache add   scope: null,
11 silly cache add   escapedName: null,
11 silly cache add   name: null,
11 silly cache add   rawSpec: '@angular-cli@1.0.0-beta.26',
11 silly cache add   spec: 'D:\\development\\bob\\BoB\\@angular-cli@1.0.0-beta.26',
11 silly cache add   type: 'local' }
12 error addLocal Could not install D:\development\bob\BoB\@angular-cli@1.0.0-beta.26
13 silly fetchPackageMetaData Error: ENOENT: no such file or directory, open 'D:\development\bob\BoB\@angular-cli@1.0.0-beta.26'
13 silly fetchPackageMetaData     at Error (native)
13 silly fetchPackageMetaData  error for @angular-cli@1.0.0-beta.26 { Error: ENOENT: no such file or directory, open 'D:\development\bob\BoB\@angular-cli@1.0.0-beta.26'
13 silly fetchPackageMetaData     at Error (native)
13 silly fetchPackageMetaData   errno: -4058,
13 silly fetchPackageMetaData   code: 'ENOENT',
13 silly fetchPackageMetaData   syscall: 'open',
13 silly fetchPackageMetaData   path: 'D:\\development\\bob\\BoB\\@angular-cli@1.0.0-beta.26' }
14 silly rollbackFailedOptional Starting
15 silly rollbackFailedOptional Finishing
16 silly runTopLevelLifecycles Finishing
17 silly install printInstalled
18 verbose stack Error: ENOENT: no such file or directory, open 'D:\development\bob\BoB\@angular-cli@1.0.0-beta.26'
18 verbose stack     at Error (native)
19 verbose cwd D:\development\bob\BoB
20 error Windows_NT 10.0.15063
21 error argv "D:\\development\\nodejs\\node.exe" "D:\\development\\nodejs\\node_modules\\npm\\bin\\npm-cli.js" "install" "-g" "@angular-cli@1.0.0-beta.26"
22 error node v6.9.4
23 error npm  v3.10.10
24 error path D:\development\bob\BoB\@angular-cli@1.0.0-beta.26
25 error code ENOENT
26 error errno -4058
27 error syscall open
28 error enoent ENOENT: no such file or directory, open 'D:\development\bob\BoB\@angular-cli@1.0.0-beta.26'
29 error enoent ENOENT: no such file or directory, open 'D:\development\bob\BoB\@angular-cli@1.0.0-beta.26'
29 error enoent This is most likely not a problem with npm itself
29 error enoent and is related to npm not being able to find a file.
30 verbose exit [ -4058, true ]
